-------------------------------------------------------------------------------
Test set: calculatorsmp.OperationsTest
-------------------------------------------------------------------------------
Tests run: 1, Failures: 1, Errors: 0, Skipped: 0, Time elapsed: 0.068 s <<< FAILURE! -- in calculatorsmp.OperationsTest
<<<<<<< HEAD
calculatorsmp.OperationsTest.testMakeFormula -- Time elapsed: 0.039 s <<< FAILURE!
org.opentest4j.AssertionFailedError: expected: <> but was: <1*63*71>
	at org.junit.jupiter.api.AssertionFailureBuilder.build(AssertionFailureBuilder.java:151)
	at org.junit.jupiter.api.AssertionFailureBuilder.buildAndThrow(AssertionFailureBuilder.java:132)
	at org.junit.jupiter.api.AssertEquals.failNotEqual(AssertEquals.java:197)
	at org.junit.jupiter.api.AssertEquals.assertEquals(AssertEquals.java:182)
	at org.junit.jupiter.api.AssertEquals.assertEquals(AssertEquals.java:177)
	at org.junit.jupiter.api.Assertions.assertEquals(Assertions.java:1145)
	at calculatorsmp.OperationsTest.testMakeFormula(OperationsTest.java:48)
=======
calculatorsmp.OperationsTest.testMakeFormula_no_operadores_juntas -- Time elapsed: 0.035 s <<< FAILURE!
org.opentest4j.AssertionFailedError: Expected java.lang.IllegalArgumentException to be thrown, but nothing was thrown.
	at org.junit.jupiter.api.AssertionFailureBuilder.build(AssertionFailureBuilder.java:152)
	at org.junit.jupiter.api.AssertThrows.assertThrows(AssertThrows.java:73)
	at org.junit.jupiter.api.AssertThrows.assertThrows(AssertThrows.java:35)
	at org.junit.jupiter.api.Assertions.assertThrows(Assertions.java:3115)
	at calculatorsmp.OperationsTest.testMakeFormula_no_operadores_juntas(OperationsTest.java:59)
>>>>>>> 360508703baf0f6d7c2089eb0f2bb55b96a873ec
	at java.base/java.lang.reflect.Method.invoke(Method.java:580)
	at java.base/java.util.ArrayList.forEach(ArrayList.java:1596)
	at java.base/java.util.ArrayList.forEach(ArrayList.java:1596)

